<?xml version="1.0" encoding="UTF-8"?>
<!-- Generated by org.testng.reporters.JUnitReportReporter -->
<testsuite hostname="LAPTOP-5UTAUSDH" failures="0" tests="1" name="SDET.RMGY.CRUDUSINGBDD.PRACTICE.UpdateProjectUsingBDD" time="2.098" errors="0" timestamp="2021-10-28T11:24:14 IST" skipped="0">
  <testcase classname="SDET.RMGY.CRUDUSINGBDD.PRACTICE.UpdateProjectUsingBDD" name="updateProjectUsingDD" time="2.098"/>
  <system-out/>
</testsuite> <!-- SDET.RMGY.CRUDUSINGBDD.PRACTICE.UpdateProjectUsingBDD -->
