<?xml version="1.0" encoding="UTF-8"?>
<!-- Generated by org.testng.reporters.JUnitReportReporter -->
<testsuite hostname="LAPTOP-5UTAUSDH" failures="0" tests="1" name="SDET.RMGY.TESTCASEAUTOMATED.CreatetheprojectWithStatusCreated_08" time="2.376" errors="0" timestamp="2021-10-28T17:00:04 IST" skipped="0">
  <testcase classname="SDET.RMGY.TESTCASEAUTOMATED.CreatetheprojectWithStatusCreated_08" name="CreatetheprojectWithStatusCreated" time="2.376"/>
  <system-out/>
</testsuite> <!-- SDET.RMGY.TESTCASEAUTOMATED.CreatetheprojectWithStatusCreated_08 -->
