<?xml version="1.0" encoding="UTF-8"?>
<!-- Generated by org.testng.reporters.JUnitReportReporter -->
<testsuite hostname="LAPTOP-5UTAUSDH" failures="0" tests="1" name="SDET21.ParametersAndAuthentication.BasicAuthn" time="2.494" errors="0" timestamp="2021-10-30T19:53:59 IST" skipped="0">
  <testcase classname="SDET21.ParametersAndAuthentication.BasicAuthn" name="basicAuthn" time="2.494"/>
  <system-out/>
</testsuite> <!-- SDET21.ParametersAndAuthentication.BasicAuthn -->
