<?xml version="1.0" encoding="UTF-8"?>
<!-- Generated by org.testng.reporters.JUnitReportReporter -->
<testsuite hostname="LAPTOP-5UTAUSDH" failures="0" tests="1" name="SDET21.ParametersAndAuthentication.RequestChainingGet" time="2.972" errors="0" timestamp="2021-10-30T19:41:57 IST" skipped="0">
  <testcase classname="SDET21.ParametersAndAuthentication.RequestChainingGet" name="requestChainigForGet" time="2.972"/>
  <system-out/>
</testsuite> <!-- SDET21.ParametersAndAuthentication.RequestChainingGet -->
