<?xml version="1.0" encoding="UTF-8"?>
<!-- Generated by org.testng.reporters.JUnitReportReporter -->
<testsuite hostname="LAPTOP-5UTAUSDH" failures="0" tests="1" name="SDET21.ParametersAndAuthentication.BarerToken" time="4.401" errors="0" timestamp="2021-10-30T20:14:04 IST" skipped="0">
  <testcase classname="SDET21.ParametersAndAuthentication.BarerToken" name="barertoken" time="4.401"/>
  <system-out/>
</testsuite> <!-- SDET21.ParametersAndAuthentication.BarerToken -->
