<?xml version="1.0" encoding="UTF-8"?>
<!-- Generated by org.testng.reporters.JUnitReportReporter -->
<testsuite hostname="LAPTOP-5UTAUSDH" failures="0" tests="1" name="SDET21.RMGY.CRUD.PRACTICE.GetAllProjectsUsingBDD" time="2.061" errors="0" timestamp="2021-10-27T17:19:16 IST" skipped="0">
  <testcase classname="SDET21.RMGY.CRUD.PRACTICE.GetAllProjectsUsingBDD" name="getAllProjectsUsingBDD" time="2.061"/>
  <system-out/>
</testsuite> <!-- SDET21.RMGY.CRUD.PRACTICE.GetAllProjectsUsingBDD -->
