<?xml version="1.0" encoding="UTF-8"?>
<!-- Generated by org.testng.reporters.JUnitReportReporter -->
<testsuite hostname="LAPTOP-5UTAUSDH" failures="0" tests="1" name="SDET.RMGY.TESTCASEAUTOMATED.CreatetheprojectwithJsonFile" time="1.839" errors="0" timestamp="2021-10-28T16:40:51 IST" skipped="0">
  <testcase classname="SDET.RMGY.TESTCASEAUTOMATED.CreatetheprojectwithJsonFile" name="createTheProjectwithJsonFile" time="1.839"/>
  <system-out/>
</testsuite> <!-- SDET.RMGY.TESTCASEAUTOMATED.CreatetheprojectwithJsonFile -->
