<?xml version="1.0" encoding="UTF-8"?>
<!-- Generated by org.testng.reporters.JUnitReportReporter -->
<testsuite hostname="LAPTOP-5UTAUSDH" failures="0" tests="1" name="SDET.RMGY.TESTCASEAUTOMATED.CreatetheprojectWithStatusOngoing_09" time="2.268" errors="0" timestamp="2021-10-28T17:03:33 IST" skipped="0">
  <testcase classname="SDET.RMGY.TESTCASEAUTOMATED.CreatetheprojectWithStatusOngoing_09" name="createtheprojectWithStatusOngoing" time="2.268"/>
  <system-out/>
</testsuite> <!-- SDET.RMGY.TESTCASEAUTOMATED.CreatetheprojectWithStatusOngoing_09 -->
