<?xml version="1.0" encoding="UTF-8"?>
<!-- Generated by org.testng.reporters.JUnitReportReporter -->
<testsuite hostname="LAPTOP-5UTAUSDH" failures="0" tests="1" name="SDET21.RMGY.CRUD.PRACTICE.CreateProjectUsingHashMap" time="2.208" errors="0" timestamp="2021-10-28T11:47:28 IST" skipped="0">
  <testcase classname="SDET21.RMGY.CRUD.PRACTICE.CreateProjectUsingHashMap" name="createProjectUsingHashMap" time="2.208"/>
  <system-out/>
</testsuite> <!-- SDET21.RMGY.CRUD.PRACTICE.CreateProjectUsingHashMap -->
