<?xml version="1.0" encoding="UTF-8"?>
<!-- Generated by org.testng.reporters.JUnitReportReporter -->
<testsuite hostname="LAPTOP-5UTAUSDH" failures="0" tests="1" name="SDET21.ParametersAndAuthentication.QueryParameters" time="3.815" errors="0" timestamp="2021-10-29T12:48:25 IST" skipped="0">
  <testcase classname="SDET21.ParametersAndAuthentication.QueryParameters" name="queryParameters" time="3.815"/>
  <system-out/>
</testsuite> <!-- SDET21.ParametersAndAuthentication.QueryParameters -->
