<?xml version="1.0" encoding="UTF-8"?>
<!-- Generated by org.testng.reporters.JUnitReportReporter -->
<testsuite hostname="LAPTOP-5UTAUSDH" failures="0" tests="1" name="SDET21.ParametersAndAuthentication.Pathparameter" time="2.005" errors="0" timestamp="2021-10-29T12:38:46 IST" skipped="0">
  <testcase classname="SDET21.ParametersAndAuthentication.Pathparameter" name="pathParameter" time="2.005"/>
  <system-out/>
</testsuite> <!-- SDET21.ParametersAndAuthentication.Pathparameter -->
