<?xml version="1.0" encoding="UTF-8"?>
<!-- Generated by org.testng.reporters.JUnitReportReporter -->
<testsuite hostname="LAPTOP-5UTAUSDH" failures="0" tests="1" name="SDET.RMGY.CRUDUSINGBDD.PRACTICE.DeleteProjectUsingBDD" time="1.991" errors="0" timestamp="2021-10-28T10:54:21 IST" skipped="0">
  <testcase classname="SDET.RMGY.CRUDUSINGBDD.PRACTICE.DeleteProjectUsingBDD" name="deleteProjectUsingBDD" time="1.991"/>
  <system-out/>
</testsuite> <!-- SDET.RMGY.CRUDUSINGBDD.PRACTICE.DeleteProjectUsingBDD -->
