<?xml version="1.0" encoding="UTF-8"?>
<!-- Generated by org.testng.reporters.JUnitReportReporter -->
<testsuite hostname="LAPTOP-5UTAUSDH" failures="0" tests="1" name="SDET21.RMGY.CRUD.PRACTICE.CreateProjectUsingJSONFile" time="2.202" errors="0" timestamp="2021-10-28T12:20:54 IST" skipped="0">
  <testcase classname="SDET21.RMGY.CRUD.PRACTICE.CreateProjectUsingJSONFile" name="createProjectUsingFile" time="2.202"/>
  <system-out/>
</testsuite> <!-- SDET21.RMGY.CRUD.PRACTICE.CreateProjectUsingJSONFile -->
