<?xml version="1.0" encoding="UTF-8"?>
<!-- Generated by org.testng.reporters.JUnitReportReporter -->
<testsuite hostname="LAPTOP-5UTAUSDH" failures="0" tests="1" name="SDET21.RMGY.CRUD.PRACTICE.UpdateProject" time="1.958" errors="0" timestamp="2021-10-28T10:33:53 IST" skipped="0">
  <testcase classname="SDET21.RMGY.CRUD.PRACTICE.UpdateProject" name="updateproject" time="1.958"/>
  <system-out/>
</testsuite> <!-- SDET21.RMGY.CRUD.PRACTICE.UpdateProject -->
