<?xml version="1.0" encoding="UTF-8"?>
<!-- Generated by org.testng.reporters.JUnitReportReporter -->
<testsuite hostname="LAPTOP-5UTAUSDH" failures="0" tests="1" name="SDET21.RMGY.CRUD.PRACTICE.CreateProjectUsingPOJO" time="2.416" errors="0" timestamp="2021-10-29T11:02:40 IST" skipped="0">
  <testcase classname="SDET21.RMGY.CRUD.PRACTICE.CreateProjectUsingPOJO" name="createProjectUsingPOJO" time="2.416"/>
  <system-out/>
</testsuite> <!-- SDET21.RMGY.CRUD.PRACTICE.CreateProjectUsingPOJO -->
