<?xml version="1.0" encoding="UTF-8"?>
<!-- Generated by org.testng.reporters.JUnitReportReporter -->
<testsuite hostname="LAPTOP-5UTAUSDH" failures="0" tests="1" name="SDET21.RMGY.CRUD.PRACTICE.createProjectusingBDD" time="2.186" errors="0" timestamp="2021-10-28T10:34:29 IST" skipped="0">
  <testcase classname="SDET21.RMGY.CRUD.PRACTICE.createProjectusingBDD" name="createProjectusingBDD" time="2.186"/>
  <system-out/>
</testsuite> <!-- SDET21.RMGY.CRUD.PRACTICE.createProjectusingBDD -->
