<?xml version="1.0" encoding="UTF-8"?>
<!-- Generated by org.testng.reporters.JUnitReportReporter -->
<testsuite hostname="LAPTOP-5UTAUSDH" failures="0" tests="1" name="SDET.RMGY.TESTCASEAUTOMATED.UpdateTheProject" time="2.306" errors="0" timestamp="2021-10-28T17:17:10 IST" skipped="0">
  <testcase classname="SDET.RMGY.TESTCASEAUTOMATED.UpdateTheProject" name="updateTheProject" time="2.306"/>
  <system-out/>
</testsuite> <!-- SDET.RMGY.TESTCASEAUTOMATED.UpdateTheProject -->
