<?xml version="1.0" encoding="UTF-8"?>
<!-- Generated by org.testng.reporters.JUnitReportReporter -->
<testsuite hostname="LAPTOP-5UTAUSDH" failures="0" tests="1" name="SDET21.ComplexResponsevalidation.DynamicResponse" time="2.457" errors="0" timestamp="2021-10-29T12:21:26 IST" skipped="0">
  <testcase classname="SDET21.ComplexResponsevalidation.DynamicResponse" name="dynamicResponse" time="2.457"/>
  <system-out/>
</testsuite> <!-- SDET21.ComplexResponsevalidation.DynamicResponse -->
