<?xml version="1.0" encoding="UTF-8"?>
<!-- Generated by org.testng.reporters.JUnitReportReporter -->
<testsuite hostname="LAPTOP-5UTAUSDH" failures="0" tests="1" name="SDET21.ParametersAndAuthentication.Ouath2_authentication" time="4.246" errors="0" timestamp="2021-10-30T20:47:00 IST" skipped="0">
  <testcase classname="SDET21.ParametersAndAuthentication.Ouath2_authentication" name="ouath" time="4.246"/>
  <system-out/>
</testsuite> <!-- SDET21.ParametersAndAuthentication.Ouath2_authentication -->
