<?xml version="1.0" encoding="UTF-8"?>
<!-- Generated by org.testng.reporters.JUnitReportReporter -->
<testsuite hostname="LAPTOP-5UTAUSDH" failures="0" tests="1" name="SDET21.ComplexResponsevalidation.StaticResponse" time="2.683" errors="0" timestamp="2021-10-29T11:31:22 IST" skipped="0">
  <testcase classname="SDET21.ComplexResponsevalidation.StaticResponse" name="staticResponse" time="2.683"/>
  <system-out/>
</testsuite> <!-- SDET21.ComplexResponsevalidation.StaticResponse -->
