<?xml version="1.0" encoding="UTF-8"?>
<!-- Generated by org.testng.reporters.JUnitReportReporter -->
<testsuite hostname="LAPTOP-5UTAUSDH" failures="0" tests="1" name="SDET21.RMGY.CRUD.PRACTICE.DeleteProject" time="2.105" errors="0" timestamp="2021-10-27T17:22:59 IST" skipped="0">
  <testcase classname="SDET21.RMGY.CRUD.PRACTICE.DeleteProject" name="deleteproject" time="2.105"/>
  <system-out/>
</testsuite> <!-- SDET21.RMGY.CRUD.PRACTICE.DeleteProject -->
