<?xml version="1.0" encoding="UTF-8"?>
<!-- Generated by org.testng.reporters.JUnitReportReporter -->
<testsuite hostname="LAPTOP-5UTAUSDH" failures="0" tests="1" name="SDET21.RMGY.CRUD.PRACTICE.GetAllProjects" time="1.884" errors="0" timestamp="2021-10-29T11:24:53 IST" skipped="0">
  <testcase classname="SDET21.RMGY.CRUD.PRACTICE.GetAllProjects" name="getAllProjects" time="1.884"/>
  <system-out/>
</testsuite> <!-- SDET21.RMGY.CRUD.PRACTICE.GetAllProjects -->
